2020-02-26 17:58:07,975 [INFO] Activator:176 - 


2020-02-26 17:58:07,975 [INFO] Activator:177 - !SESSION log4j initialized
2020-02-26 18:12:00,382 [INFO] ApplicationProperties:181 - Using Application install path: C:\ST\STM32CubeIDE_1.3.0\STM32CubeIDE\plugins\com.st.stm32cube.common.mx_5.6.0.202002181639
2020-02-26 18:12:00,414 [INFO] DbMcusXml:72 - Set database path to: C:\ST\STM32CubeIDE_1.3.0\STM32CubeIDE\plugins\com.st.stm32cube.common.mx_5.6.0.202002181639\\db\/mcu/
2020-02-26 18:12:00,414 [INFO] DbBoardsPdsc:54 - Set plugin database path to: C:\ST\STM32CubeIDE_1.3.0\STM32CubeIDE\plugins\com.st.stm32cube.common.mx_5.6.0.202002181639\\db\/plugins/boardmanager/
2020-02-26 18:12:00,414 [INFO] DbMcus:235 - Set plugin images path to: C:\ST\STM32CubeIDE_1.3.0\STM32CubeIDE\plugins\com.st.stm32cube.common.mx_5.6.0.202002181639\\db\/plugins/mcufinder/images/
2020-02-26 18:12:00,414 [INFO] DbBoards:232 - Set plugin images path to: C:\ST\STM32CubeIDE_1.3.0\STM32CubeIDE\plugins\com.st.stm32cube.common.mx_5.6.0.202002181639\\db\/plugins/mcufinder/images/
2020-02-26 18:12:00,429 [INFO] DbMcusAds:85 - Set database path to: C:\Users\bouyo\.stmcufinder\plugins\mcufinder//mcu/
2020-02-26 18:12:00,429 [INFO] DbMcusDocs:108 - Set database path to: C:\Users\bouyo\.stmcufinder\plugins\mcufinder//mcu/
2020-02-26 18:12:00,429 [INFO] DbMcusJson:61 - Set database path to: C:\Users\bouyo\.stmcufinder\plugins\mcufinder//mcu/
2020-02-26 18:12:00,429 [INFO] DbBoardsDocs:97 - Set database path to: C:\Users\bouyo\.stmcufinder\plugins\mcufinder//mcu/
2020-02-26 18:12:00,445 [INFO] DbBoardsJson:51 - Set database path to: C:\Users\bouyo\.stmcufinder\plugins\mcufinder//mcu/
2020-02-26 18:12:00,483 [INFO] CrossReferenceDbSqlite:197 - Set database path to: C:\Users\bouyo\.stmcufinder\plugins\mcufinder//mcu/cs/
2020-02-26 18:12:00,630 [INFO] RulesReader:52 - Compatibility file has been processed (208 Rules)
2020-02-26 18:12:00,780 [INFO] MicroXplorer:570 - Detected Java Version = 1.8.0_242
2020-02-26 18:12:00,780 [INFO] DbMcusXml:72 - Set database path to: C:\ST\STM32CubeIDE_1.3.0\STM32CubeIDE\plugins\com.st.stm32cube.common.mx_5.6.0.202002181639\\db\/mcu/
2020-02-26 18:12:00,788 [INFO] DbBoardsPdsc:54 - Set plugin database path to: C:\ST\STM32CubeIDE_1.3.0\STM32CubeIDE\plugins\com.st.stm32cube.common.mx_5.6.0.202002181639\\db\/plugins/boardmanager/
2020-02-26 18:12:00,788 [INFO] DbMcus:235 - Set plugin images path to: C:\ST\STM32CubeIDE_1.3.0\STM32CubeIDE\plugins\com.st.stm32cube.common.mx_5.6.0.202002181639\\db\/plugins/mcufinder/images/
2020-02-26 18:12:00,790 [INFO] DbBoards:232 - Set plugin images path to: C:\ST\STM32CubeIDE_1.3.0\STM32CubeIDE\plugins\com.st.stm32cube.common.mx_5.6.0.202002181639\\db\/plugins/mcufinder/images/
2020-02-26 18:12:00,790 [WARN] DbFile:36 - Overriding database path with different value: C:\Users\bouyo\.stmcufinder\plugins\mcufinder/ => C:\Users\bouyo\.stmcufinder\plugins\mcufinder
2020-02-26 18:12:00,790 [INFO] DbMcusAds:85 - Set database path to: C:\Users\bouyo\.stmcufinder\plugins\mcufinder//mcu/
2020-02-26 18:12:00,790 [WARN] DbFile:36 - Overriding database path with different value: C:\Users\bouyo\.stmcufinder\plugins\mcufinder/ => C:\Users\bouyo\.stmcufinder\plugins\mcufinder
2020-02-26 18:12:00,790 [INFO] DbMcusDocs:108 - Set database path to: C:\Users\bouyo\.stmcufinder\plugins\mcufinder//mcu/
2020-02-26 18:12:00,790 [WARN] DbFile:36 - Overriding database path with different value: C:\Users\bouyo\.stmcufinder\plugins\mcufinder/ => C:\Users\bouyo\.stmcufinder\plugins\mcufinder
2020-02-26 18:12:00,790 [INFO] DbMcusJson:61 - Set database path to: C:\Users\bouyo\.stmcufinder\plugins\mcufinder//mcu/
2020-02-26 18:12:00,790 [WARN] DbFile:36 - Overriding database path with different value: C:\Users\bouyo\.stmcufinder\plugins\mcufinder/ => C:\Users\bouyo\.stmcufinder\plugins\mcufinder
2020-02-26 18:12:00,790 [INFO] DbBoardsDocs:97 - Set database path to: C:\Users\bouyo\.stmcufinder\plugins\mcufinder//mcu/
2020-02-26 18:12:00,790 [WARN] DbFile:36 - Overriding database path with different value: C:\Users\bouyo\.stmcufinder\plugins\mcufinder/ => C:\Users\bouyo\.stmcufinder\plugins\mcufinder
2020-02-26 18:12:00,790 [INFO] DbBoardsJson:51 - Set database path to: C:\Users\bouyo\.stmcufinder\plugins\mcufinder//mcu/
2020-02-26 18:12:00,790 [WARN] DbFile:36 - Overriding database path with different value: C:\Users\bouyo\.stmcufinder\plugins\mcufinder/ => C:\Users\bouyo\.stmcufinder\plugins\mcufinder
2020-02-26 18:12:00,790 [WARN] DbFile:36 - Overriding database path with different value: C:\Users\bouyo\.stmcufinder\plugins\mcufinder/ => C:\Users\bouyo\.stmcufinder\plugins\mcufinder
2020-02-26 18:12:00,790 [INFO] CrossReferenceDbSqlite:197 - Set database path to: C:\Users\bouyo\.stmcufinder\plugins\mcufinder//mcu/cs/
2020-02-26 18:12:00,886 [INFO] MainPanel:181 - HeapMemory: 324009984
2020-02-26 18:12:00,986 [INFO] DbMcusXml:72 - Set database path to: C:\ST\STM32CubeIDE_1.3.0\STM32CubeIDE\plugins\com.st.stm32cube.common.mx_5.6.0.202002181639\\db\/mcu/
2020-02-26 18:12:00,986 [INFO] DbBoardsPdsc:54 - Set plugin database path to: C:\ST\STM32CubeIDE_1.3.0\STM32CubeIDE\plugins\com.st.stm32cube.common.mx_5.6.0.202002181639\\db\/plugins/boardmanager/
2020-02-26 18:12:00,986 [INFO] DbMcus:235 - Set plugin images path to: C:\ST\STM32CubeIDE_1.3.0\STM32CubeIDE\plugins\com.st.stm32cube.common.mx_5.6.0.202002181639\\db\/plugins/mcufinder/images/
2020-02-26 18:12:00,986 [INFO] DbBoards:232 - Set plugin images path to: C:\ST\STM32CubeIDE_1.3.0\STM32CubeIDE\plugins\com.st.stm32cube.common.mx_5.6.0.202002181639\\db\/plugins/mcufinder/images/
2020-02-26 18:12:00,986 [WARN] DbFile:36 - Overriding database path with different value: C:\Users\bouyo\.stmcufinder\plugins\mcufinder/ => C:\Users\bouyo\.stmcufinder\plugins\mcufinder
2020-02-26 18:12:00,986 [INFO] DbMcusAds:85 - Set database path to: C:\Users\bouyo\.stmcufinder\plugins\mcufinder//mcu/
2020-02-26 18:12:00,986 [WARN] DbFile:36 - Overriding database path with different value: C:\Users\bouyo\.stmcufinder\plugins\mcufinder/ => C:\Users\bouyo\.stmcufinder\plugins\mcufinder
2020-02-26 18:12:00,986 [INFO] DbMcusDocs:108 - Set database path to: C:\Users\bouyo\.stmcufinder\plugins\mcufinder//mcu/
2020-02-26 18:12:00,986 [WARN] DbFile:36 - Overriding database path with different value: C:\Users\bouyo\.stmcufinder\plugins\mcufinder/ => C:\Users\bouyo\.stmcufinder\plugins\mcufinder
2020-02-26 18:12:01,002 [INFO] DbMcusJson:61 - Set database path to: C:\Users\bouyo\.stmcufinder\plugins\mcufinder//mcu/
2020-02-26 18:12:01,002 [WARN] DbFile:36 - Overriding database path with different value: C:\Users\bouyo\.stmcufinder\plugins\mcufinder/ => C:\Users\bouyo\.stmcufinder\plugins\mcufinder
2020-02-26 18:12:01,002 [INFO] DbBoardsDocs:97 - Set database path to: C:\Users\bouyo\.stmcufinder\plugins\mcufinder//mcu/
2020-02-26 18:12:01,002 [WARN] DbFile:36 - Overriding database path with different value: C:\Users\bouyo\.stmcufinder\plugins\mcufinder/ => C:\Users\bouyo\.stmcufinder\plugins\mcufinder
2020-02-26 18:12:01,002 [INFO] DbBoardsJson:51 - Set database path to: C:\Users\bouyo\.stmcufinder\plugins\mcufinder//mcu/
2020-02-26 18:12:01,002 [WARN] DbFile:36 - Overriding database path with different value: C:\Users\bouyo\.stmcufinder\plugins\mcufinder/ => C:\Users\bouyo\.stmcufinder\plugins\mcufinder
2020-02-26 18:12:01,002 [WARN] DbFile:36 - Overriding database path with different value: C:\Users\bouyo\.stmcufinder\plugins\mcufinder/ => C:\Users\bouyo\.stmcufinder\plugins\mcufinder
2020-02-26 18:12:01,002 [INFO] CrossReferenceDbSqlite:197 - Set database path to: C:\Users\bouyo\.stmcufinder\plugins\mcufinder//mcu/cs/
2020-02-26 18:12:01,024 [INFO] ApplicationProperties:181 - Using Application install path: C:\ST\STM32CubeIDE_1.3.0\STM32CubeIDE\plugins\com.st.stm32cube.common.mx_5.6.0.202002181639
2020-02-26 18:12:01,024 [INFO] PluginManage:178 - Search for loadable plugins [exclusion list=, tutovideos]
2020-02-26 18:12:01,024 [INFO] PluginManage:292 - Check plugin analytics
2020-02-26 18:12:01,055 [INFO] PluginManage:342 - Loaded plugin analytics (category:tool,tabindex:-1)
2020-02-26 18:12:01,055 [INFO] PluginManage:292 - Check plugin clock
2020-02-26 18:12:01,071 [INFO] PluginManage:342 - Loaded plugin clock (category:base,tabindex:2)
2020-02-26 18:12:01,071 [INFO] PluginManage:292 - Check plugin ddr
2020-02-26 18:12:01,087 [INFO] PluginManage:342 - Loaded plugin ddr (category:tool,tabindex:6)
2020-02-26 18:12:01,087 [INFO] PluginManage:292 - Check plugin filemanager
2020-02-26 18:12:01,287 [INFO] PluginManage:342 - Loaded plugin filemanager (category:base,tabindex:10)
2020-02-26 18:12:01,287 [INFO] PluginManage:292 - Check plugin ipmanager
2020-02-26 18:12:01,303 [INFO] PluginManage:342 - Loaded plugin ipmanager (category:base,tabindex:5)
2020-02-26 18:12:01,303 [INFO] PluginManage:292 - Check plugin pinoutandconfiguration
2020-02-26 18:12:01,329 [INFO] PluginManage:342 - Loaded plugin pinoutandconfiguration (category:base,tabindex:1)
2020-02-26 18:12:01,329 [INFO] PluginManage:292 - Check plugin pinoutconfig
2020-02-26 18:12:01,386 [INFO] PluginManage:342 - Loaded plugin pinoutconfig (category:base,tabindex:0)
2020-02-26 18:12:01,386 [INFO] PluginManage:292 - Check plugin power
2020-02-26 18:12:01,402 [INFO] PluginManage:342 - Loaded plugin power (category:power,tabindex:4)
2020-02-26 18:12:01,402 [INFO] PluginManage:292 - Check plugin projectmanager
2020-02-26 18:12:01,433 [INFO] PluginManage:342 - Loaded plugin projectmanager (category:projectmanager,tabindex:3)
2020-02-26 18:12:01,440 [INFO] PluginManage:292 - Check plugin thirdparty
2020-02-26 18:12:01,540 [INFO] ThirdPartyDb:295 - Open Third Party DataBase File (C:/Users/bouyo/.stm32cubemx/plugins/thirdparty/db/thirdparties_db.xml) : 54 ms. number of Sw pack : 14
2020-02-26 18:12:01,571 [INFO] PluginManage:342 - Loaded plugin thirdparty (category:base,tabindex:-1)
2020-02-26 18:12:01,571 [INFO] PluginManage:292 - Check plugin tools
2020-02-26 18:12:01,618 [INFO] PluginManage:342 - Loaded plugin tools (category:base,tabindex:7)
2020-02-26 18:12:01,618 [INFO] PluginManage:292 - Check plugin tutovideos
2020-02-26 18:12:01,718 [INFO] PluginManage:347 - Ignore plugin tutovideos (category:base)
2020-02-26 18:12:01,718 [INFO] PluginManage:292 - Check plugin updater
2020-02-26 18:12:01,740 [INFO] PluginManage:342 - Loaded plugin updater (category:base,tabindex:12)
2020-02-26 18:12:01,740 [INFO] PluginManage:265 - PluginManage : Loaded plugins [12]
2020-02-26 18:12:01,988 [INFO] PinOutPanel:1420 - setPackage(No Configuration,No Configuration)
2020-02-26 18:12:02,141 [INFO] IPUIPlugin:65 - create IPUIPlugin
2020-02-26 18:12:02,141 [INFO] PluginManager:200 - loadIPPluginJar : add adc
2020-02-26 18:12:02,188 [INFO] IPUIPlugin:65 - create IPUIPlugin
2020-02-26 18:12:02,188 [INFO] PluginManager:200 - loadIPPluginJar : add aes
2020-02-26 18:12:02,273 [INFO] IPUIPlugin:65 - create IPUIPlugin
2020-02-26 18:12:02,273 [INFO] PluginManager:200 - loadIPPluginJar : add can
2020-02-26 18:12:02,288 [INFO] IPUIPlugin:65 - create IPUIPlugin
2020-02-26 18:12:02,288 [INFO] PluginManager:200 - loadIPPluginJar : add comp
2020-02-26 18:12:02,342 [INFO] IPUIPlugin:65 - create IPUIPlugin
2020-02-26 18:12:02,342 [INFO] PluginManager:200 - loadIPPluginJar : add cryp
2020-02-26 18:12:02,389 [INFO] IPUIPlugin:65 - create IPUIPlugin
2020-02-26 18:12:02,389 [INFO] PluginManager:200 - loadIPPluginJar : add dfsdm
2020-02-26 18:12:02,420 [INFO] IPUIPlugin:65 - create IPUIPlugin
2020-02-26 18:12:02,420 [INFO] PluginManager:200 - loadIPPluginJar : add dma
2020-02-26 18:12:02,442 [INFO] IPUIPlugin:65 - create IPUIPlugin
2020-02-26 18:12:02,442 [INFO] PluginManager:200 - loadIPPluginJar : add fatfs
2020-02-26 18:12:02,505 [INFO] IPUIPlugin:65 - create IPUIPlugin
2020-02-26 18:12:02,505 [INFO] PluginManager:200 - loadIPPluginJar : add fmc
2020-02-26 18:12:02,520 [INFO] IPUIPlugin:65 - create IPUIPlugin
2020-02-26 18:12:02,520 [INFO] PluginManager:200 - loadIPPluginJar : add freertos
2020-02-26 18:12:02,542 [INFO] IPUIPlugin:65 - create IPUIPlugin
2020-02-26 18:12:02,542 [INFO] PluginManager:200 - loadIPPluginJar : add genericplugin
2020-02-26 18:12:02,658 [INFO] IPUIPlugin:65 - create IPUIPlugin
2020-02-26 18:12:02,658 [INFO] PluginManager:200 - loadIPPluginJar : add gfxmmu
2020-02-26 18:12:02,805 [INFO] IPUIPlugin:65 - create IPUIPlugin
2020-02-26 18:12:02,805 [INFO] PluginManager:200 - loadIPPluginJar : add gic
2020-02-26 18:12:02,821 [INFO] IPUIPlugin:65 - create IPUIPlugin
2020-02-26 18:12:02,821 [INFO] PluginManager:200 - loadIPPluginJar : add gpio
2020-02-26 18:12:02,890 [INFO] IPUIPlugin:65 - create IPUIPlugin
2020-02-26 18:12:02,890 [INFO] PluginManager:200 - loadIPPluginJar : add gtzc
2020-02-26 18:12:02,943 [INFO] IPUIPlugin:65 - create IPUIPlugin
2020-02-26 18:12:02,943 [INFO] PluginManager:200 - loadIPPluginJar : add hash
2020-02-26 18:12:03,006 [INFO] IPUIPlugin:65 - create IPUIPlugin
2020-02-26 18:12:03,006 [INFO] PluginManager:200 - loadIPPluginJar : add i2c
2020-02-26 18:12:03,059 [INFO] IPUIPlugin:65 - create IPUIPlugin
2020-02-26 18:12:03,059 [INFO] PluginManager:200 - loadIPPluginJar : add i2s
2020-02-26 18:12:03,222 [INFO] IPUIPlugin:65 - create IPUIPlugin
2020-02-26 18:12:03,222 [INFO] PluginManager:200 - loadIPPluginJar : add ipddr
2020-02-26 18:12:03,275 [INFO] IPUIPlugin:65 - create IPUIPlugin
2020-02-26 18:12:03,275 [INFO] PluginManager:200 - loadIPPluginJar : add ltdc
2020-02-26 18:12:03,291 [INFO] IPUIPlugin:65 - create IPUIPlugin
2020-02-26 18:12:03,291 [INFO] PluginManager:200 - loadIPPluginJar : add mdma
2020-02-26 18:12:03,307 [INFO] IPUIPlugin:65 - create IPUIPlugin
2020-02-26 18:12:03,307 [INFO] PluginManager:200 - loadIPPluginJar : add nvic
2020-02-26 18:12:03,360 [INFO] IPUIPlugin:65 - create IPUIPlugin
2020-02-26 18:12:03,360 [INFO] PluginManager:200 - loadIPPluginJar : add opamp
2020-02-26 18:12:03,445 [INFO] IPUIPlugin:65 - create IPUIPlugin
2020-02-26 18:12:03,445 [INFO] PluginManager:200 - loadIPPluginJar : add pdm2pcm
2020-02-26 18:12:03,460 [INFO] IPUIPlugin:65 - create IPUIPlugin
2020-02-26 18:12:03,476 [INFO] PluginManager:200 - loadIPPluginJar : add plateformsettings
2020-02-26 18:12:03,492 [INFO] IPUIPlugin:65 - create IPUIPlugin
2020-02-26 18:12:03,492 [INFO] PluginManager:200 - loadIPPluginJar : add quadspi
2020-02-26 18:12:03,507 [INFO] IPUIPlugin:65 - create IPUIPlugin
2020-02-26 18:12:03,507 [INFO] PluginManager:200 - loadIPPluginJar : add resmgrutility
2020-02-26 18:12:03,576 [INFO] IPUIPlugin:65 - create IPUIPlugin
2020-02-26 18:12:03,576 [INFO] PluginManager:200 - loadIPPluginJar : add sai
2020-02-26 18:12:03,645 [INFO] IPUIPlugin:65 - create IPUIPlugin
2020-02-26 18:12:03,645 [INFO] PluginManager:200 - loadIPPluginJar : add spi
2020-02-26 18:12:03,745 [INFO] IPUIPlugin:65 - create IPUIPlugin
2020-02-26 18:12:03,745 [INFO] PluginManager:200 - loadIPPluginJar : add stm32_wpan
2020-02-26 18:12:03,777 [INFO] IPUIPlugin:65 - create IPUIPlugin
2020-02-26 18:12:03,777 [INFO] PluginManager:200 - loadIPPluginJar : add tim
2020-02-26 18:12:03,846 [INFO] IPUIPlugin:65 - create IPUIPlugin
2020-02-26 18:12:03,846 [INFO] PluginManager:200 - loadIPPluginJar : add touchsensing
2020-02-26 18:12:03,877 [INFO] IPUIPlugin:65 - create IPUIPlugin
2020-02-26 18:12:03,877 [INFO] PluginManager:200 - loadIPPluginJar : add tracer_emb
2020-02-26 18:12:03,908 [INFO] IPUIPlugin:65 - create IPUIPlugin
2020-02-26 18:12:03,908 [INFO] PluginManager:200 - loadIPPluginJar : add ts
2020-02-26 18:12:03,924 [INFO] IPUIPlugin:65 - create IPUIPlugin
2020-02-26 18:12:03,924 [INFO] PluginManager:200 - loadIPPluginJar : add tsc
2020-02-26 18:12:03,962 [INFO] IPUIPlugin:65 - create IPUIPlugin
2020-02-26 18:12:03,962 [INFO] PluginManager:200 - loadIPPluginJar : add ucpd
2020-02-26 18:12:04,009 [INFO] IPUIPlugin:65 - create IPUIPlugin
2020-02-26 18:12:04,009 [INFO] PluginManager:200 - loadIPPluginJar : add usart
2020-02-26 18:12:04,648 [INFO] BoardConnectionPanel:3472 - [DDR PANEL] STM32CubeIDE environment
2020-02-26 18:12:04,648 [INFO] MainDdrPanel:103 - [DDR PANEL] GETTER - cubeProgrammerPath is: null
2020-02-26 18:12:04,880 [FATAL] Updater:277 - Updater called before beeing initialized
2020-02-26 18:12:05,280 [FATAL] Updater:277 - Updater called before beeing initialized
2020-02-26 18:12:05,296 [INFO] PinOutPanel:1420 - setPackage(No Configuration,No Configuration)
2020-02-26 18:12:05,296 [FATAL] Updater:277 - Updater called before beeing initialized
2020-02-26 18:12:05,296 [INFO] BoardConnectionPanel:3472 - [DDR PANEL] STM32CubeIDE environment
2020-02-26 18:12:05,296 [INFO] MainDdrPanel:103 - [DDR PANEL] GETTER - cubeProgrammerPath is: C:\ST\STM32CubeIDE_1.3.0\STM32CubeIDE\plugins\com.st.stm32cube.ide.mcu.externaltools.cubeprogrammer.win32_1.3.0.202002181050\tools\bin
2020-02-26 18:12:05,312 [INFO] ProgrammerExecThread:148 - [ProgrammerAPI] CubeProgrammer command construction: C:\ST\STM32CubeIDE_1.3.0\STM32CubeIDE\plugins\com.st.stm32cube.ide.mcu.externaltools.cubeprogrammer.win32_1.3.0.202002181050\tools\bin\STM32_Programmer_CLI.exe -l
2020-02-26 18:12:05,713 [INFO] MainDdrPanel:93 - [DDR PANEL] SETTER - Set cubeProgrammerPath to: C:\ST\STM32CubeIDE_1.3.0\STM32CubeIDE\plugins\com.st.stm32cube.ide.mcu.externaltools.cubeprogrammer.win32_1.3.0.202002181050\tools\bin
2020-02-26 18:12:05,766 [INFO] Updater:886 - Updater Version found : 5.6.0
2020-02-26 18:12:05,797 [INFO] ApplicationProperties:181 - Using Application install path: C:\ST\STM32CubeIDE_1.3.0\STM32CubeIDE\plugins\com.st.stm32cube.common.mx_5.6.0.202002181639
2020-02-26 18:12:05,866 [INFO] MainUpdater:452 - Copy updater definitions from MX database
2020-02-26 18:12:06,067 [INFO] MainUpdater:2230 - connection check result : 10
2020-02-26 18:12:06,067 [INFO] MainUpdater:2874 - Updater definition file requires update
2020-02-26 18:12:06,067 [INFO] MainUpdater:236 - Updater Check For Update Now.
2020-02-26 18:12:06,067 [INFO] MicroXplorer:420 - Change Database Version : DB.5.0.60
2020-02-26 18:12:06,098 [INFO] ServerAccessManage:348 - Download File updaters.zip
2020-02-26 18:12:06,198 [INFO] FileExtend:225 - Unzip File : updaters.zip
2020-02-26 18:12:06,198 [INFO] FileExtend:240 - Standard Zip Deflate
2020-02-26 18:12:07,548 [WARN] MainUpdater:1073 - Updater busy. Cannot search thirdparties
2020-02-26 18:12:08,049 [INFO] ServerAccessManage:348 - Download File PacksControlFlags.xml
2020-02-26 18:12:08,103 [INFO] ServerAccessManage:348 - Download File cubemx.pidx
2020-02-26 18:12:08,768 [INFO] ServerAccessManage:348 - Download File STMicroelectronics.X-CUBE-NFC4.pdsc
2020-02-26 18:12:09,164 [INFO] LoadServerUpdatesThread:301 - End of LoadServerUpdate Thread
2020-02-26 18:12:09,234 [INFO] CheckServerUpdateThread:92 - End of CheckServer Thread
2020-02-26 18:12:09,265 [INFO] ThirdPartyDb:261 - Close Third Party DataBase File (C:/Users/bouyo/.stm32cubemx/plugins/thirdparty/db/thirdparties_db.xml)
2020-02-26 18:12:09,323 [INFO] PopulateThirdPartyThread:48 - Ending populate Thread
2020-02-26 18:12:09,335 [INFO] ThirdPartyDb:295 - Open Third Party DataBase File (C:/Users/bouyo/.stm32cubemx/plugins/thirdparty/db/thirdparties_db.xml) : 10 ms. number of Sw pack : 15
2020-02-26 18:12:09,343 [INFO] Engine:366 - softwarePackList size : 15
2020-02-26 18:12:09,355 [INFO] Engine:378 - compute dependency for SwPack X-CUBE-AI have been done, and update is requested
2020-02-26 18:12:09,355 [INFO] MainUpdater:2230 - connection check result : 10
2020-02-26 18:12:09,355 [INFO] LogOutputStream:76 - [STDOUT_REDIRECT] Successfull proxy connection.
2020-02-26 18:12:09,365 [INFO] Engine:378 - compute dependency for SwPack X-CUBE-BLE1 have been done, and update is requested
2020-02-26 18:12:09,385 [INFO] Engine:378 - compute dependency for SwPack X-CUBE-BLE2 have been done, and update is requested
2020-02-26 18:12:09,403 [INFO] Engine:378 - compute dependency for SwPack X-CUBE-GNSS1 have been done, and update is requested
2020-02-26 18:12:09,657 [INFO] Engine:378 - compute dependency for SwPack X-CUBE-MEMS1 have been done, and update is requested
2020-02-26 18:12:09,678 [INFO] Engine:378 - compute dependency for SwPack X-CUBE-NFC4 have been done, and update is requested
2020-02-26 18:12:09,698 [INFO] Engine:378 - compute dependency for SwPack X-CUBE-SUBG2 have been done, and update is requested
2020-02-26 18:12:09,708 [INFO] Engine:382 - compute dependency for SwPack X-CUBE-TOUCHGFX have been done, no update is requested
2020-02-26 18:12:09,728 [INFO] Engine:378 - compute dependency for SwPack CMSIS have been done, and update is requested
2020-02-26 18:12:09,738 [INFO] Engine:382 - compute dependency for SwPack FreeRTOS have been done, no update is requested
2020-02-26 18:12:09,738 [INFO] Engine:378 - compute dependency for SwPack X-CUBE-BLE1 have been done, and update is requested
2020-02-26 18:12:09,758 [INFO] Engine:378 - compute dependency for SwPack X-CUBE-GNSS1 have been done, and update is requested
2020-02-26 18:12:09,769 [INFO] Engine:378 - compute dependency for SwPack X-CUBE-SUBG2 have been done, and update is requested
2020-02-26 18:12:09,779 [INFO] Engine:378 - compute dependency for SwPack X-CUBE-ALGOBUILD have been done, and update is requested
2020-02-26 18:12:09,789 [INFO] Engine:378 - compute dependency for SwPack X-CUBE-NFC4 have been done, and update is requested
2020-02-26 18:12:09,799 [INFO] ThirdPartyDb:261 - Close Third Party DataBase File (C:/Users/bouyo/.stm32cubemx/plugins/thirdparty/db/thirdparties_db.xml)
2020-02-26 18:12:09,889 [INFO] ThirdPartyDb:295 - Open Third Party DataBase File (C:/Users/bouyo/.stm32cubemx/plugins/thirdparty/db/thirdparties_db.xml) : 10 ms. number of Sw pack : 15
2020-02-26 18:12:09,920 [INFO] ThirdParty:899 - CMSIS Pack Vendor :STMicroelectronics X-CUBE-NFC4 1.5.2
2020-02-26 18:12:09,958 [INFO] McuFinderGlobals:40 - Set McuFinder mode to 2 (CubeIDE integrated)
2020-02-26 18:12:09,970 [INFO] FinderPluginLoader:86 - Searching for filters in installed packs
2020-02-26 18:12:09,980 [INFO] DbMcusXml:110 - Load MCU database from C:\ST\STM32CubeIDE_1.3.0\STM32CubeIDE\plugins\com.st.stm32cube.common.mx_5.6.0.202002181639\\db\/mcu/families.xml
2020-02-26 18:12:10,662 [INFO] ThirdPartyDb:261 - Close Third Party DataBase File (C:/Users/bouyo/.stm32cubemx/plugins/thirdparty/db/thirdparties_db.xml)
2020-02-26 18:12:10,702 [INFO] IntegrityCheckThread:98 - End integrity checks thread
2020-02-26 18:12:11,630 [INFO] DbMcusJson:90 - JSON generation date=Thu Feb 20 12:54:13 CET 2020 (1582199653)
2020-02-26 18:12:12,900 [INFO] DbMcus:171 - Found 1670 MCUs (1625 are supported by CubeMX, 1625 are visible in CubeMX)
2020-02-26 18:12:12,900 [INFO] ApiDb:147 - User favorites file not found: C:\Users\bouyo/.stm32cubeide/favorites.mcus.txt
2020-02-26 18:12:12,900 [INFO] DbMcus:183 - Set 0 / 0 favorites MCUs
2020-02-26 18:12:14,216 [INFO] DbMcusAds:143 - JSON generation date=Thu Feb 20 13:54:13 CET 2020 (1582203253)
2020-02-26 18:12:14,385 [INFO] ServerAccessManage:348 - Download File 
2020-02-26 18:12:14,601 [INFO] LoadUrlFilesThread:161 - End of LoadServerUrlFiles without Thread
2020-02-26 18:12:14,701 [INFO] McuDetailPanel:181 - Set advertising image to C:/Users/bouyo/STM32Cube/Repository/\STM32L5_P4231S_big.jpg
2020-02-26 18:12:15,480 [INFO] McuFilterPanel:249 - Update 0 favorites MCUs
2020-02-26 18:12:15,833 [INFO] DbBoardsPdsc:92 - Found 22 items
2020-02-26 18:12:15,853 [INFO] DbBoardsPdsc:92 - Found 9 items
2020-02-26 18:12:15,863 [INFO] DbBoardsPdsc:92 - Found 28 items
2020-02-26 18:12:15,874 [INFO] DbBoardsPdsc:92 - Found 1 items
2020-02-26 18:12:15,882 [INFO] DbBoardsPdsc:92 - Found 40 items
2020-02-26 18:12:15,952 [INFO] DbBoardsPdsc:92 - Found 39 items
2020-02-26 18:12:15,964 [INFO] DbBoardsPdsc:92 - Found 2 items
2020-02-26 18:12:15,972 [INFO] DbBoardsPdsc:92 - Found 4 items
2020-02-26 18:12:15,982 [WARN] DbBoardsPdsc:256 - Board STM32H7B3I-DK: unknown feature type=Audio, name=, username=Audio stereo codec with Headphone Amp (CS42L51-CNZ), n=1
2020-02-26 18:12:15,982 [WARN] DbBoardsPdsc:256 - Board STM32H7B3I-DK: unknown feature type=WIFI, name=, username=WIFI 802.11 b/g/n, n=1
2020-02-26 18:12:15,982 [WARN] DbBoardsPdsc:256 - Board STM32H7B3I-EVAL: unknown feature type=Audio, name=, username=Multi-Channel Audio Codec (CS42L51-CNZ), n=1
2020-02-26 18:12:15,982 [WARN] DbBoardsPdsc:256 - Board STM32H7B3I-EVAL: unknown feature type=Meter, name=, username=Power-metering and Temperature-monitoring with sigma-delta modulators, n=1
2020-02-26 18:12:15,982 [WARN] DbBoardsPdsc:256 - Board STM32H7B3I-EVAL: unknown feature type=WIFI, name=, username=WIFI 802.11 a/b/g/n, n=1
2020-02-26 18:12:15,982 [WARN] DbBoardsPdsc:256 - Board STM32H7B3I-EVAL: unknown feature type=Motor, name=, username=Motor Control, n=1
2020-02-26 18:12:16,013 [INFO] DbBoardsJson:80 - JSON generation date=Tue Feb 11 14:53:55 CET 2020 (1581429235)
2020-02-26 18:12:16,013 [INFO] DbBoards:120 - Found 145 boards (142 are supported by CubeMX)
2020-02-26 18:12:16,044 [INFO] DbBoardsDocs:131 - JSON generation date=Thu Feb 20 12:54:13 CET 2020 (1582199653)
2020-02-26 18:12:16,060 [INFO] DbBoardsDocs:70 - Found 173 boards documents
2020-02-26 18:12:16,060 [WARN] DbBoards:130 - board NUCLEO-H743ZI2 has no document id list !
2020-02-26 18:12:16,060 [WARN] DbBoards:130 - board NUCLEO-L4P5ZG has no document id list !
2020-02-26 18:12:16,060 [WARN] DbBoards:130 - board P-NUCLEO-WB55-Nucleo has no document id list !
2020-02-26 18:12:16,060 [WARN] DbBoards:130 - board P-NUCLEO-WB55-USBDongle has no document id list !
2020-02-26 18:12:16,060 [WARN] DbBoards:130 - board NUCLEO-WB35CE has no document id list !
2020-02-26 18:12:16,060 [WARN] DbBoards:130 - board STM32F401C-DISCO has no document id list !
2020-02-26 18:12:16,060 [WARN] DbBoards:130 - board STM32F769I-DISC1 has no document id list !
2020-02-26 18:12:16,060 [WARN] DbBoards:130 - board STM32L-DISCOVERY has no document id list !
2020-02-26 18:12:16,060 [WARN] DbBoards:130 - board STM32H747I-DISC1 has no document id list !
2020-02-26 18:12:16,060 [WARN] DbBoards:130 - board STM32MP157A-DK1 has no document id list !
2020-02-26 18:12:16,060 [WARN] DbBoards:130 - board STM32L4P5G-DK has no document id list !
2020-02-26 18:12:16,060 [WARN] DbBoards:130 - board STM32100E-EVAL has no document id list !
2020-02-26 18:12:16,060 [WARN] DbBoards:130 - board STM32303C-EVAL has no document id list !
2020-02-26 18:12:16,060 [WARN] DbBoards:130 - board STM32L152D-EVAL has no document id list !
2020-02-26 18:12:16,060 [WARN] DbBoards:130 - board STM32H743I-EVAL2 has no document id list !
2020-02-26 18:12:16,060 [WARN] DbBoards:130 - board STM32H753I-EVAL2 has no document id list !
2020-02-26 18:12:16,076 [WARN] DbBoards:130 - board STM32G474E-EVAL1 has no document id list !
2020-02-26 18:12:16,076 [WARN] DbBoards:130 - board STEVAL-BFA001V1B has no document id list !
2020-02-26 18:12:16,076 [WARN] DbBoards:130 - board STEVAL-BFA001V2B has no document id list !
2020-02-26 18:12:16,076 [WARN] DbBoards:130 - board STEVAL-MKSBOX1V1 has no document id list !
2020-02-26 18:12:16,076 [WARN] DbBoards:130 - board STEVAL-STWINKT1 has no document id list !
2020-02-26 18:12:16,076 [WARN] DbBoards:130 - board STEVAL-IDP005V1 has no document id list !
2020-02-26 18:12:16,076 [WARN] DbBoards:130 - board STEVAL-IDP005V2 has no document id list !
2020-02-26 18:12:18,531 [INFO] ApiDb:147 - User favorites file not found: C:\Users\bouyo/.stm32cubeide/favorites.boards.txt
2020-02-26 18:12:18,531 [INFO] DbBoards:209 - Set 0 / 0 favorites Boards
2020-02-26 18:12:18,647 [INFO] LoadUrlFilesThread:161 - End of LoadServerUrlFiles without Thread
2020-02-26 18:12:18,647 [INFO] BoardDetailPanel:180 - Set advertising image to C:/Users/bouyo/STM32Cube/Repository/\STM32L5_P4231S_big.jpg
2020-02-26 18:12:18,684 [INFO] BoardFilterPanel:211 - Update 0 favorites Boards
2020-02-26 18:12:20,848 [INFO] CrossSelectorPresenter:1319 - Cross Selector saved comparison directory: C:\Users\bouyo\.stmcufinder\plugins\mcufinder\mcu\cs_comparisons_mx
2020-02-26 18:13:44,484 [INFO] BoardResultTable:590 - Mark Board STM32F411E-DISCO as favorite
2020-02-26 18:13:45,362 [INFO] BoardResultTable:590 - Unmark Board STM32F411E-DISCO as favorite
2020-02-26 18:13:47,030 [INFO] BoardResultTable:590 - Mark Board STM32F411E-DISCO as favorite
2020-02-26 18:14:32,919 [INFO] LogOutputStream:76 - [STDOUT_REDIRECT] withoutVersionV1.25.0
2020-02-26 18:14:59,397 [INFO] LogOutputStream:76 - [STDOUT_REDIRECT] File copied successfully!!
2020-02-26 18:15:13,547 [INFO] MainUpdater:2230 - connection check result : 10
2020-02-26 18:15:13,615 [INFO] MicroXplorer:390 - Change Database Path : 
2020-02-26 18:15:13,615 [INFO] MicroXplorer:420 - Change Database Version : DB.5.0.60
2020-02-26 18:15:13,615 [INFO] PinOutPanel:1420 - setPackage(No Configuration,No Configuration)
2020-02-26 18:15:13,615 [INFO] UtilMem:74 - Begin LoadConfig() Used Memory: 432737072 Bytes (579862528)
2020-02-26 18:15:13,615 [INFO] OpenFileManager:274 - Change cursor
2020-02-26 18:15:17,288 [INFO] Rule:211 - rule SPDIFRX instance for mcu is applicable
2020-02-26 18:15:17,288 [INFO] Rule:211 - rule Rename Tracer Mode is applicable
2020-02-26 18:15:17,288 [INFO] Rule:211 - rule SPDIFRX instance value for IP SPDIFRX is applicable
2020-02-26 18:15:17,288 [INFO] Rule:211 - rule SPDIFRX instance for signal is applicable
2020-02-26 18:15:17,288 [INFO] Rule:211 - rule SPDIFRX instance for project manager is applicable
2020-02-26 18:15:17,288 [INFO] Rule:211 - rule SPDIFRX instance for project manager is applicable
2020-02-26 18:15:17,289 [INFO] Rule:211 - rule ADC Scan  fix with FW F7 is applicable
2020-02-26 18:15:17,289 [INFO] Rule:211 - rule ADC Scan  fix with FW F7 is applicable
2020-02-26 18:15:17,289 [INFO] Rule:211 - rule UART/USART WORD LENGTH 7 is applicable
2020-02-26 18:15:17,289 [INFO] Rule:211 - rule UART/USART WORD LENGTH 8 is applicable
2020-02-26 18:15:17,289 [INFO] Rule:211 - rule UART/USART WORD LENGTH 9 is applicable
2020-02-26 18:15:17,289 [INFO] Rule:211 - rule ADC SamplingTime fix with FW L0  is applicable
2020-02-26 18:15:17,289 [INFO] Rule:211 - rule ADC SamplingTime fix with FW L0  is applicable
2020-02-26 18:15:17,289 [INFO] Rule:211 - rule ADC SamplingTime fix with FW L0 is applicable
2020-02-26 18:15:17,289 [INFO] Rule:211 - rule ADC SamplingTime fix with FW L0 is applicable
2020-02-26 18:15:17,289 [INFO] Rule:211 - rule ADC SamplingTime fix with FW L0  is applicable
2020-02-26 18:15:17,289 [INFO] Rule:211 - rule ADC SamplingTime fix with FW L0 is applicable
2020-02-26 18:15:17,289 [INFO] Rule:211 - rule Rename USB_OE Signal is applicable
2020-02-26 18:15:17,289 [INFO] Rule:211 - rule Rename Activate_OE Mode is applicable
2020-02-26 18:15:17,289 [INFO] Rule:211 - rule Rename DIE462/DIE415 pin PC14/OSC32_IN -> PC14-OSC32_IN (PC14) is applicable
2020-02-26 18:15:17,289 [INFO] Rule:211 - rule Rename DIE462/DIE415 pin PC15/OSC32_OUT -> PC15-OSC32_OUT (PC15) is applicable
2020-02-26 18:15:17,289 [INFO] Rule:211 - rule Rename DIE462/DIE415 pin PH0/OSC_IN -> PH0-OSC_IN (PH0) is applicable
2020-02-26 18:15:17,289 [INFO] Rule:211 - rule Rename DIE462/DIE415 pin PH1/OSC_OUT -> PH1-OSC_OUT (PH1) is applicable
2020-02-26 18:15:17,289 [INFO] Rule:211 - rule Rename DIE462 pin PA13 -> PA13 (JTMS/SWDIO) is applicable
2020-02-26 18:15:17,289 [INFO] Rule:211 - rule Rename DIE415 pin PA13 -> PA13 (JTMS/SWDIO) is applicable
2020-02-26 18:15:17,289 [INFO] Rule:211 - rule Rename DIE462 pin PA14 -> PA14 (JTCK/SWCLK) is applicable
2020-02-26 18:15:17,289 [INFO] Rule:211 - rule Rename DIE415 pin PA14 -> PA14 (JTCK/SWCLK) is applicable
2020-02-26 18:15:17,289 [INFO] Rule:211 - rule Rename DIE462/DIE415 pin PA15 -> PA15 (JTDI) is applicable
2020-02-26 18:15:17,289 [INFO] Rule:211 - rule Rename DIE462 pin PB3 -> PB3 (JTD0/TRACESWO) is applicable
2020-02-26 18:15:17,289 [INFO] Rule:211 - rule Rename DIE415 pin PB3 -> PB3 (JTD0-TRACESWO) is applicable
2020-02-26 18:15:17,289 [INFO] Rule:211 - rule Rename DIE462/DIE415 pin PB4 -> PB4 (NJTRST) is applicable
2020-02-26 18:15:17,289 [INFO] Rule:211 - rule Rename DIE462 pin PH3/BOOT0 -> PH3-BOOT0 (BOOT0) is applicable
2020-02-26 18:15:17,289 [INFO] Rule:211 - rule Rename CRYP DataEncryptionTypesList to Algorithm is applicable
2020-02-26 18:15:17,289 [INFO] Rule:211 - rule Rename AES DataEncryptionTypesList to Algorithm is applicable
2020-02-26 18:15:17,289 [INFO] Rule:211 - rule Rename TDESECB to CRYP_TDES_ECB is applicable
2020-02-26 18:15:17,289 [INFO] Rule:211 - rule Rename TDESCBC to CRYP_TDES_CBC is applicable
2020-02-26 18:15:17,289 [INFO] Rule:211 - rule Rename DESECB to CRYP_DES_ECB is applicable
2020-02-26 18:15:17,289 [INFO] Rule:211 - rule Rename DESCBC to CRYP_DES_CBC is applicable
2020-02-26 18:15:17,289 [INFO] Rule:211 - rule Rename AESECB to CRYP_AES_ECB is applicable
2020-02-26 18:15:17,289 [INFO] Rule:211 - rule Rename AESCBC to CRYP_AES_CBC is applicable
2020-02-26 18:15:17,289 [INFO] Rule:211 - rule Rename AESCTR to CRYP_AES_CTR is applicable
2020-02-26 18:15:17,289 [INFO] Rule:211 - rule Rename AESGCM to CRYP_AES_GCM is applicable
2020-02-26 18:15:17,289 [INFO] Rule:211 - rule Rename AESCCM to CRYP_AES_CCM is applicable
2020-02-26 18:15:17,289 [INFO] Rule:211 - rule Rename CAN TimeSeg1 to BS1 is applicable
2020-02-26 18:15:17,289 [INFO] Rule:211 - rule Rename CAN TimeSeg2 to BS2 is applicable
2020-02-26 18:15:17,289 [INFO] Rule:211 - rule Rename CAN SyncJumpWidth to SJW is applicable
2020-02-26 18:15:17,289 [INFO] Rule:211 - rule TimeTriggeredMode to TTCM is applicable
2020-02-26 18:15:17,289 [INFO] Rule:211 - rule Rename CAN AutoBusOff to ABOM is applicable
2020-02-26 18:15:17,289 [INFO] Rule:211 - rule Rename CAN AutoWakeUp to AWUM is applicable
2020-02-26 18:15:17,289 [INFO] Rule:211 - rule Rename CAN AutoRetransmission to NART is applicable
2020-02-26 18:15:17,289 [INFO] Rule:211 - rule Rename CAN ReceiveFifoLocked to RFLM is applicable
2020-02-26 18:15:17,289 [INFO] Rule:211 - rule Rename CAN TransmitFifoPriority to TXFP is applicable
2020-02-26 18:15:17,289 [INFO] Rule:211 - rule Rename HRTIMER HRTIM_OUTPUTFAULTLEVEL_HIGH in HRTIMER HRTIM_OUTPUTFAULTLEVEL_HIGHZ is applicable
2020-02-26 18:15:17,289 [INFO] Rule:211 - rule Rename TIMER TIM_CLEARINPUTSOURCE_OCREFCLR in  TIMER TIM_CLEARINPUTSOURCE_NONE for F7 family is applicable
2020-02-26 18:15:17,297 [INFO] Rule:211 - rule FDCAN_R1 - Rename FDCAN mode Master into Classic is applicable
2020-02-26 18:15:17,297 [INFO] Rule:211 - rule FDCAN_R2 - Rename FDCAN mode Slave into Classic is applicable
2020-02-26 18:15:17,297 [INFO] Rule:211 - rule FDCAN1_R3 - if PA10.Mode=FullDuplex, add Pin PA12 is applicable
2020-02-26 18:15:17,297 [INFO] Rule:211 - rule FDCAN1_R3 - if PA9.Mode=FullDuplex, add Pin PA11 is applicable
2020-02-26 18:15:17,297 [INFO] Rule:211 - rule FDCAN1_R3 - Alternatepin_1 - if PE1.Mode=FullDuplex, add Pin PB9 is applicable
2020-02-26 18:15:17,297 [INFO] Rule:211 - rule FDCAN1_R3 - Alternatepin_1 - if PE0.Mode=FullDuplex, add Pin PB8 is applicable
2020-02-26 18:15:17,297 [INFO] Rule:211 - rule FDCAN1_R3 - Alternatepin_2 - if PD5.Mode=FullDuplex, add Pin PD1 is applicable
2020-02-26 18:15:17,297 [INFO] Rule:211 - rule FDCAN1_R3 - Alternatepin_2 - if PD4.Mode=FullDuplex, add Pin PD0 is applicable
2020-02-26 18:15:17,297 [INFO] Rule:211 - rule FDCAN1_R4 - Rename Mode FullDuplex into Enable FDCAN_TXFD for pin PA10 is applicable
2020-02-26 18:15:17,297 [INFO] Rule:211 - rule FDCAN1_R4 - Rename Mode FullDuplex into Enable FDCAN_TXFD for pin PA9 is applicable
2020-02-26 18:15:17,297 [INFO] Rule:211 - rule FDCAN1_R4 - Alternatepin_1 - Rename Mode FullDuplex into Enable FDCAN_TXFD for pin PE1 is applicable
2020-02-26 18:15:17,297 [INFO] Rule:211 - rule FDCAN1_R4 - Alternatepin_1 - Rename Mode FullDuplex into Enable FDCAN_TXFD for pin PE0 is applicable
2020-02-26 18:15:17,299 [INFO] Rule:211 - rule FDCAN1_R4 - Alternatepin_2 - Rename Mode FullDuplex into Enable FDCAN_TXFD for pin PD5 is applicable
2020-02-26 18:15:17,299 [INFO] Rule:211 - rule FDCAN1_R4 - Alternatepin_2 - Rename Mode FullDuplex into Enable FDCAN_TXFD for pin PD4 is applicable
2020-02-26 18:15:17,299 [INFO] Rule:211 - rule FDCAN2_R3 - if PD10.Mode=FullDuplex, add Pin PB13 is applicable
2020-02-26 18:15:17,299 [INFO] Rule:211 - rule FDCAN2_R3 - if PD9.Mode=FullDuplex, add Pin PB12 is applicable
2020-02-26 18:15:17,299 [INFO] Rule:211 - rule FDCAN2_R3 - Alternatepin_1 - if PB7.Mode=FullDuplex, add Pin PB6 is applicable
2020-02-26 18:15:17,299 [INFO] Rule:211 - rule FDCAN2_R3 - Alternatepin_1 - if PD9.Mode=FullDuplex, add Pin PB12 is applicable
2020-02-26 18:15:17,299 [INFO] Rule:211 - rule FDCAN2_R4 - Rename Mode FullDuplex into Enable FDCAN_TXFD for pin PD10 is applicable
2020-02-26 18:15:17,299 [INFO] Rule:211 - rule FDCAN2_R4 - Rename Mode FullDuplex into Enable FDCAN_TXFD for pin PD9 is applicable
2020-02-26 18:15:17,299 [INFO] Rule:211 - rule FDCAN2_R4 - Alternatepin_1 - Rename Mode FullDuplex into Enable FDCAN_TXFD for pin PB7 is applicable
2020-02-26 18:15:17,299 [INFO] Rule:211 - rule FDCAN2_R4 - Alternatepin_1 - Rename Mode FullDuplex into Enable FDCAN_TXFD for pin PD6 is applicable
2020-02-26 18:15:17,299 [INFO] Rule:211 - rule USART TxPinLevelInvertParam Mode is applicable
2020-02-26 18:15:17,299 [INFO] Rule:211 - rule USART RxPinLevelInvertParam Mode is applicable
2020-02-26 18:15:17,299 [INFO] Rule:211 - rule USART DataInvertParam Mode is applicable
2020-02-26 18:15:17,299 [INFO] Rule:211 - rule USART SwapParam Mode is applicable
2020-02-26 18:15:17,299 [INFO] Rule:211 - rule USART OverrunDisableParam Mode is applicable
2020-02-26 18:15:17,299 [INFO] Rule:211 - rule USART DMADisableonRxErrorParam Mode is applicable
2020-02-26 18:15:17,299 [INFO] Rule:211 - rule USART MSBFirstParam Mode is applicable
2020-02-26 18:15:17,299 [INFO] Rule:211 - rule Update MwName for USB_DEVICE is applicable
2020-02-26 18:15:17,299 [INFO] Rule:211 - rule Change PWR_Regulator_Voltage_Scale Default Value for RCC  H7 family is applicable
2020-02-26 18:15:17,299 [INFO] Rule:211 - rule UART/USART IPParameter rename Prescaler parameter to ClockPrescaler is applicable
2020-02-26 18:15:17,299 [INFO] Rule:211 - rule UART/USART Prescaler rename Prescaler parameter to ClockPrescaler is applicable
2020-02-26 18:15:17,299 [INFO] Rule:211 - rule TIM1CLockSelection is applicable
2020-02-26 18:15:17,299 [INFO] Rule:211 - rule TIM15CLockSelection is applicable
2020-02-26 18:15:17,299 [INFO] Rule:211 - rule align RCC SDMMC3CLockSelection default value on MP1 is applicable
2020-02-26 18:15:17,299 [INFO] Rule:211 - rule align RCC SDMMC12CLockSelection default value on MP1 is applicable
2020-02-26 18:15:17,299 [INFO] Rule:211 - rule align RCC QSPICLockSelection default value on MP1 is applicable
2020-02-26 18:15:17,299 [INFO] Rule:211 - rule align RCC QSPICLockSelection default value on MP1 is applicable
2020-02-26 18:15:17,299 [INFO] Rule:211 - rule align RCC SPI6CLockSelection default value on MP1 is applicable
2020-02-26 18:15:17,299 [INFO] Rule:211 - rule align RCC LPTIM23CLockSelection default value on MP1 is applicable
2020-02-26 18:15:17,299 [INFO] Rule:211 - rule align RCC LPTIM1CLockSelection default value on MP1 is applicable
2020-02-26 18:15:17,299 [INFO] Rule:211 - rule align RCC USART1CLockSelection default value on MP1 is applicable
2020-02-26 18:15:17,299 [INFO] Rule:211 - rule align RCC USART24CLockSelection default value on MP1 is applicable
2020-02-26 18:15:17,299 [INFO] Rule:211 - rule align RCC USART6CLockSelection default value on MP1 is applicable
2020-02-26 18:15:17,299 [INFO] Rule:211 - rule align RCC UART78CLockSelection default value on MP1 is applicable
2020-02-26 18:15:17,299 [INFO] Rule:211 - rule align RCC USART35CLockSelection default value on MP1 is applicable
2020-02-26 18:15:17,299 [INFO] Rule:211 - rule align RCC SPI45CLockSelection default value on MP1 is applicable
2020-02-26 18:15:17,299 [INFO] Rule:211 - rule align RCC I2C46CLockSelection BCLK value on MP1 is applicable
2020-02-26 18:15:17,299 [INFO] Rule:211 - rule align RCC SPI45CLockSelection default value on MP1 is applicable
2020-02-26 18:15:17,299 [INFO] Rule:211 - rule align RCC I2C12CLockSelection default value on MP1 is applicable
2020-02-26 18:15:17,299 [INFO] Rule:211 - rule align RCC I2C35CLockSelection default value on MP1 is applicable
2020-02-26 18:15:17,299 [INFO] Rule:211 - rule align RCC LPTIM45CLockSelection default value on MP1 is applicable
2020-02-26 18:15:17,299 [INFO] Rule:211 - rule Rename DCMI PIXCK signal is applicable
2020-02-26 18:15:17,299 [INFO] Rule:211 - rule Change Default Value for I2C46CLockSelection MP1 family is applicable
2020-02-26 18:15:17,299 [INFO] Rule:211 - rule Change Default Value for UART for G4, G0 and WB families is applicable
2020-02-26 18:15:17,299 [INFO] Rule:211 - rule Change Default Value for USART for G4, G0 and WB families is applicable
2020-02-26 18:15:17,299 [INFO] Rule:211 - rule Change Default Value for USART for G4 family is applicable
2020-02-26 18:15:17,299 [INFO] Rule:211 - rule Change USART1CLockSelection refparam name for MP1 is applicable
2020-02-26 18:15:17,299 [INFO] Rule:211 - rule Change USART2CLockSelection refparam name for MP1 is applicable
2020-02-26 18:15:17,299 [INFO] Rule:211 - rule Change USART3CLockSelection refparam name for MP1 is applicable
2020-02-26 18:15:17,299 [INFO] Rule:211 - rule Change UART4CLockSelection refparam name for MP1 is applicable
2020-02-26 18:15:17,299 [INFO] Rule:211 - rule Change UART5CLockSelection refparam name for MP1 is applicable
2020-02-26 18:15:17,299 [INFO] Rule:211 - rule Change LPUART1CLockSelection refparam name for MP1 is applicable
2020-02-26 18:15:17,299 [INFO] Rule:211 - rule Change LPTIM1CLockSelection refparam name for MP1 is applicable
2020-02-26 18:15:17,307 [INFO] Rule:211 - rule Change LPTIM2CLockSelection refparam name for MP1 is applicable
2020-02-26 18:15:17,307 [INFO] Rule:211 - rule Change RCC_MCO1Source refparam name for MP1 is applicable
2020-02-26 18:15:17,307 [INFO] Rule:211 - rule Change LSCOSource1 refparam name for MP1 is applicable
2020-02-26 18:15:17,307 [INFO] Rule:211 - rule Change SMPSCLockSelection refparam name for MP1 is applicable
2020-02-26 18:15:17,307 [INFO] Rule:211 - rule Change LPTIM3CLockSelection refparam name for MP1 is applicable
2020-02-26 18:15:17,307 [INFO] Rule:211 - rule Change MPCBB* Default Template Mode to Parameters is applicable
2020-02-26 18:15:17,307 [INFO] Rule:211 - rule Change MPCWM* or MPCBB* Secure Mode to Parameters is applicable
2020-02-26 18:15:17,307 [INFO] Rule:211 - rule Change MPCWM* or MPCBB* No Secure Mode to Parameters is applicable
2020-02-26 18:15:17,307 [INFO] Rule:211 - rule Change TZSC IP Secure Mode to Parameters is applicable
2020-02-26 18:15:17,307 [INFO] Rule:211 - rule Change TZSC IP No Secure Mode to Parameters is applicable
2020-02-26 18:15:17,307 [INFO] Rule:211 - rule Change TZSC IP Privilege Mode to Parameters is applicable
2020-02-26 18:15:17,307 [INFO] Rule:211 - rule Change TZSC IP No Privilege Mode to Parameters is applicable
2020-02-26 18:15:17,309 [INFO] Rule:211 - rule Change TZIC IT Secure Mode to Parameters is applicable
2020-02-26 18:15:17,309 [INFO] Rule:211 - rule Change TZIC IT No Secure Mode to Parameters is applicable
2020-02-26 18:15:17,309 [INFO] Rule:211 - rule Add MPCBB1_NonSecureArea_Start_Address value with referenced to MPCBB1_NonSecureArea_Start value is applicable
2020-02-26 18:15:17,309 [INFO] Rule:211 - rule Add MPCBB2_NonSecureArea_Start_Address value with referenced to MPCBB2_NonSecureArea_Start value is applicable
2020-02-26 18:15:17,309 [INFO] Rule:211 - rule Add MPCWM1_NonSecureArea*_Start_Address value with referenced to MPCWM1_NonSecureArea*_Start value is applicable
2020-02-26 18:15:17,309 [INFO] Rule:211 - rule Add MPCWM2_NonSecureArea*_Start_Address value with referenced to MPCWM2_NonSecureArea*_Start value is applicable
2020-02-26 18:15:17,309 [INFO] Rule:211 - rule Add MPCWM3_NonSecureArea_Start_Address value with referenced to MPCWM3_NonSecureArea_Start value is applicable
2020-02-26 18:15:17,309 [INFO] Rule:211 - rule Change Default Value for PLL1UserDefinedConfig is applicable
2020-02-26 18:15:17,309 [INFO] Rule:211 - rule Change GPIO_PuPd Default Value for USART in async mode is applicable
2020-02-26 18:15:17,309 [INFO] Rule:211 - rule Change SMPSDivider Default Value is applicable
2020-02-26 18:15:17,340 [INFO] DbConfProperties:294 - Apply Compatibility (30/141 Rules)
2020-02-26 18:15:17,388 [INFO] ImportTextPane:162 - (OptionalMessage_ERROR) Unable to find key (Mcu.ThirdPartyNb) in loaded IOC file
2020-02-26 18:15:17,468 [INFO] ImportTextPane:162 - (OptionalMessage_ERROR) IP (RCC) : Parameter (RTCHSEDivFreq_Value) has invalid value (4000000)
2020-02-26 18:15:17,866 [INFO] UtilMem:74 - End LoadConfig() Used Memory: 458291032 Bytes (579862528)
2020-02-26 18:15:17,882 [INFO] ThirdPartyDb:295 - Open Third Party DataBase File (C:/Users/bouyo/.stm32cubemx/plugins/thirdparty/db/thirdparties_db.xml) : 16 ms. number of Sw pack : 15
2020-02-26 18:15:17,882 [INFO] DependencyParser:785 - This component is not compatible with the current MCU : [1580597669482]
2020-02-26 18:15:17,882 [INFO] ThirdPartyModel:521 - Component with status : MCU_INCOMPATIBLE for condition : OS Tick GTIM id : 1580597668809
2020-02-26 18:15:17,882 [INFO] DependencyParser:785 - This component is not compatible with the current MCU : [1580597672058, 1580597669565]
2020-02-26 18:15:17,944 [INFO] ThirdParty:899 - CMSIS Pack Vendor :STMicroelectronics X-CUBE-BLE1 5.0.0
2020-02-26 18:15:17,944 [INFO] ThirdParty:899 - CMSIS Pack Vendor :STMicroelectronics X-CUBE-SUBG2 1.1.0
2020-02-26 18:15:17,944 [INFO] ThirdParty:899 - CMSIS Pack Vendor :STMicroelectronics X-CUBE-GNSS1 4.1.0
2020-02-26 18:15:17,944 [INFO] ThirdParty:899 - CMSIS Pack Vendor :STMicroelectronics X-CUBE-SUBG2 1.0.0
2020-02-26 18:15:17,944 [INFO] ThirdParty:899 - CMSIS Pack Vendor :ARM CMSIS 5.6.0
2020-02-26 18:15:17,944 [INFO] ThirdParty:899 - CMSIS Pack Vendor :STMicroelectronics X-CUBE-GNSS1 4.0.0
2020-02-26 18:15:17,944 [INFO] ThirdParty:899 - CMSIS Pack Vendor :STMicroelectronics X-CUBE-NFC4 1.5.1
2020-02-26 18:15:17,944 [INFO] ThirdParty:899 - CMSIS Pack Vendor :STMicroelectronics FreeRTOS 0.0.1
2020-02-26 18:15:17,944 [INFO] ThirdParty:899 - CMSIS Pack Vendor :STMicroelectronics X-CUBE-ALGOBUILD 1.0.0
2020-02-26 18:15:17,944 [INFO] ThirdParty:899 - CMSIS Pack Vendor :STMicroelectronics X-CUBE-BLE1 4.4.0
2020-02-26 18:15:17,944 [INFO] ThirdParty:899 - CMSIS Pack Vendor :STMicroelectronics X-CUBE-MEMS1 7.0.0
2020-02-26 18:15:17,944 [INFO] ThirdParty:899 - CMSIS Pack Vendor :STMicroelectronics X-CUBE-TOUCHGFX 4.13.0
2020-02-26 18:15:17,944 [INFO] ThirdParty:899 - CMSIS Pack Vendor :STMicroelectronics X-CUBE-NFC4 1.5.2
2020-02-26 18:15:17,944 [INFO] ThirdParty:899 - CMSIS Pack Vendor :STMicroelectronics X-CUBE-AI 5.0.0
2020-02-26 18:15:17,944 [INFO] ThirdParty:899 - CMSIS Pack Vendor :STMicroelectronics X-CUBE-BLE2 1.0.0
2020-02-26 18:15:18,315 [INFO] PinOutPanel:1420 - setPackage(No Configuration,No Configuration)
2020-02-26 18:15:18,315 [INFO] PinOutPanel:1420 - setPackage(STM32F411VETx,LQFP100)
2020-02-26 18:15:19,066 [INFO] UtilMem:74 - Before build in PCC Used Memory: 254114504 Bytes (579862528)
2020-02-26 18:15:19,767 [INFO] SharedServices:71 - Folder for power plug-in: C:/Users/bouyo/.stm32cubemx/plugins/power
2020-02-26 18:15:19,849 [INFO] SharedServices:71 - Folder for power plug-in: C:/Users/bouyo/.stm32cubemx/plugins/power
2020-02-26 18:15:19,910 [INFO] SharedServices:71 - Folder for power plug-in: C:/Users/bouyo/.stm32cubemx/plugins/power
2020-02-26 18:15:19,920 [INFO] SharedServices:71 - Folder for power plug-in: C:/Users/bouyo/.stm32cubemx/plugins/power
2020-02-26 18:15:20,221 [INFO] UtilMem:74 - After build in PCC Used Memory: 312312512 Bytes (579862528)
2020-02-26 18:15:20,262 [INFO] IPUIPlugin:65 - create IPUIPlugin
2020-02-26 18:15:20,262 [INFO] IPUIPlugin:65 - create IPUIPlugin
2020-02-26 18:15:20,262 [INFO] IPUIPlugin:65 - create IPUIPlugin
2020-02-26 18:15:20,262 [INFO] IPUIPlugin:65 - create IPUIPlugin
2020-02-26 18:15:20,262 [INFO] IPUIPlugin:65 - create IPUIPlugin
2020-02-26 18:15:20,262 [INFO] IPUIPlugin:65 - create IPUIPlugin
2020-02-26 18:15:20,262 [INFO] IPUIPlugin:65 - create IPUIPlugin
2020-02-26 18:15:20,262 [INFO] IPUIPlugin:65 - create IPUIPlugin
2020-02-26 18:15:20,262 [INFO] IPUIPlugin:65 - create IPUIPlugin
2020-02-26 18:15:20,262 [INFO] IPUIPlugin:65 - create IPUIPlugin
2020-02-26 18:15:20,262 [INFO] IPUIPlugin:65 - create IPUIPlugin
2020-02-26 18:15:20,262 [INFO] IPUIPlugin:65 - create IPUIPlugin
2020-02-26 18:15:20,262 [INFO] IPUIPlugin:65 - create IPUIPlugin
2020-02-26 18:15:20,262 [INFO] IPUIPlugin:65 - create IPUIPlugin
2020-02-26 18:15:20,262 [INFO] IPUIPlugin:65 - create IPUIPlugin
2020-02-26 18:15:20,262 [INFO] IPUIPlugin:65 - create IPUIPlugin
2020-02-26 18:15:20,262 [INFO] IPUIPlugin:65 - create IPUIPlugin
2020-02-26 18:15:20,262 [INFO] IPUIPlugin:65 - create IPUIPlugin
2020-02-26 18:15:20,262 [INFO] IPUIPlugin:65 - create IPUIPlugin
2020-02-26 18:15:20,262 [INFO] IPUIPlugin:65 - create IPUIPlugin
2020-02-26 18:15:20,270 [INFO] IPUIPlugin:65 - create IPUIPlugin
2020-02-26 18:15:20,270 [INFO] IPUIPlugin:65 - create IPUIPlugin
2020-02-26 18:15:20,270 [INFO] IPUIPlugin:65 - create IPUIPlugin
2020-02-26 18:15:20,270 [INFO] IPUIPlugin:65 - create IPUIPlugin
2020-02-26 18:15:20,270 [INFO] IPUIPlugin:65 - create IPUIPlugin
2020-02-26 18:15:20,270 [INFO] IPUIPlugin:65 - create IPUIPlugin
2020-02-26 18:15:20,272 [INFO] IPUIPlugin:65 - create IPUIPlugin
2020-02-26 18:15:20,272 [INFO] IPUIPlugin:65 - create IPUIPlugin
2020-02-26 18:15:20,272 [INFO] IPUIPlugin:65 - create IPUIPlugin
2020-02-26 18:15:20,272 [INFO] IPUIPlugin:65 - create IPUIPlugin
2020-02-26 18:15:20,272 [INFO] IPUIPlugin:65 - create IPUIPlugin
2020-02-26 18:15:20,272 [INFO] IPUIPlugin:65 - create IPUIPlugin
2020-02-26 18:15:20,272 [INFO] IPUIPlugin:65 - create IPUIPlugin
2020-02-26 18:15:20,272 [INFO] IPUIPlugin:65 - create IPUIPlugin
2020-02-26 18:15:20,272 [INFO] IPUIPlugin:65 - create IPUIPlugin
2020-02-26 18:15:20,272 [INFO] IPUIPlugin:65 - create IPUIPlugin
2020-02-26 18:15:20,272 [INFO] IPUIPlugin:65 - create IPUIPlugin
2020-02-26 18:15:20,272 [INFO] IPUIPlugin:65 - create IPUIPlugin
2020-02-26 18:15:20,272 [INFO] IPUIPlugin:65 - create IPUIPlugin
2020-02-26 18:15:20,272 [INFO] IPUIPlugin:65 - create IPUIPlugin
2020-02-26 18:15:20,272 [INFO] IPUIPlugin:65 - create IPUIPlugin
2020-02-26 18:15:20,272 [INFO] IPUIPlugin:65 - create IPUIPlugin
2020-02-26 18:15:20,272 [INFO] IPUIPlugin:65 - create IPUIPlugin
2020-02-26 18:15:20,292 [WARN] IP:1936 - I2C_Coeff_DF not found: check if there is a RefParameter without a condition.
2020-02-26 18:15:20,292 [WARN] IP:1936 - Analog_Filter not found: check if there is a RefParameter without a condition.
2020-02-26 18:15:20,320 [INFO] I2sManager:616 - 1.6E8
2020-02-26 18:15:20,322 [INFO] I2sManager:173 - I2S Clock Value : 1.6E8
2020-02-26 18:15:20,322 [INFO] I2sManager:510 - AudioClock : 96153Divider : 26Odd : 0
2020-02-26 18:15:20,322 [INFO] I2sManager:616 - 1.6E8
2020-02-26 18:15:20,322 [INFO] I2sManager:173 - I2S Clock Value : 1.6E8
2020-02-26 18:15:20,330 [INFO] I2sManager:510 - AudioClock : 89285Divider : 3Odd : 1
2020-02-26 18:15:20,362 [INFO] LogOutputStream:76 - [STDOUT_REDIRECT] toolchainItems.length=====1
2020-02-26 18:15:20,503 [INFO] OpenFileManager:294 - Restore cursor
2020-02-26 18:15:20,674 [INFO] ApiDbMcu:451 - Load IP Config File for USB_HOST
2020-02-26 18:15:20,745 [WARN] IP:1936 - I2C_Coeff_DF not found: check if there is a RefParameter without a condition.
2020-02-26 18:15:20,745 [WARN] IP:1936 - Analog_Filter not found: check if there is a RefParameter without a condition.
2020-02-26 18:15:20,745 [WARN] IP:1936 - I2C_Coeff_DF not found: check if there is a RefParameter without a condition.
2020-02-26 18:15:20,745 [WARN] IP:1936 - Analog_Filter not found: check if there is a RefParameter without a condition.
2020-02-26 18:15:21,087 [INFO] UtilMem:74 - End SaveConfig() Used Memory: 372603592 Bytes (579862528)
2020-02-26 18:15:21,481 [INFO] ServerAccessManage:348 - Download File stm32cube_fw_f4_v1250.zip
2020-02-26 18:16:41,144 [INFO] FileExtend:225 - Unzip File : stm32cube_fw_f4_v1250.zip
2020-02-26 18:16:41,144 [INFO] FileExtend:240 - Standard Zip Deflate
2020-02-26 18:21:37,885 [INFO] LoadServerPackagesThread:160 - End of LoadServerPackages Thread
2020-02-26 18:21:38,016 [INFO] CheckServerUpdateThread:92 - End of CheckServer Thread
2020-02-26 18:21:38,101 [INFO] UtilMem:74 - End SaveConfig() Used Memory: 599747728 Bytes (1073741824)
2020-02-26 18:21:38,957 [INFO] BlockDiagram:2671 - set Specific Code input for plugin: SPI
2020-02-26 18:21:38,957 [INFO] BlockDiagram:2671 - set Specific Code input for plugin: USB_OTG_FS
2020-02-26 18:21:38,957 [INFO] BlockDiagram:2671 - set Specific Code input for plugin: NVIC
2020-02-26 18:21:38,957 [INFO] BlockDiagram:2671 - set Specific Code input for plugin: USB_HOST
2020-02-26 18:21:38,957 [INFO] BlockDiagram:2671 - set Specific Code input for plugin: I2S
2020-02-26 18:21:38,957 [INFO] BlockDiagram:2671 - set Specific Code input for plugin: I2S
2020-02-26 18:21:38,957 [INFO] BlockDiagram:2671 - set Specific Code input for plugin: SYS
2020-02-26 18:21:38,957 [INFO] BlockDiagram:2671 - set Specific Code input for plugin: GPIO
2020-02-26 18:21:38,957 [INFO] BlockDiagram:2671 - set Specific Code input for plugin: RCC
2020-02-26 18:21:38,957 [INFO] BlockDiagram:2671 - set Specific Code input for plugin: I2C
2020-02-26 18:21:38,957 [INFO] CodeGenerator:603 - code generatio: config db path: C:\ST\STM32CubeIDE_1.3.0\STM32CubeIDE\plugins\com.st.stm32cube.common.mx_5.6.0.202002181639\\db\
2020-02-26 18:21:38,988 [WARN] IP:1936 - I2C_Coeff_DF not found: check if there is a RefParameter without a condition.
2020-02-26 18:21:38,988 [WARN] IP:1936 - Analog_Filter not found: check if there is a RefParameter without a condition.
2020-02-26 18:21:40,486 [INFO] CodeEngine:188 - oldGeneratedFile, C:\Users\bouyo\Documents\GitHub\STM32cubeIDE\PruebaLeds\MXTmpFiles\license.tmp_save
2020-02-26 18:21:41,131 [INFO] CodeEngine:206 - Generated code: C:\Users\bouyo\Documents\GitHub\STM32cubeIDE\PruebaLeds\MXTmpFiles\license.tmp
2020-02-26 18:21:41,382 [INFO] CodeEngine:188 - oldGeneratedFile, C:\Users\bouyo\Documents\GitHub\STM32cubeIDE\PruebaLeds\MXTmpFiles\gpio.tmp_save
2020-02-26 18:21:41,664 [INFO] CodeEngine:206 - Generated code: C:\Users\bouyo\Documents\GitHub\STM32cubeIDE\PruebaLeds\MXTmpFiles\gpio.tmp
2020-02-26 18:21:41,672 [INFO] LogOutputStream:76 - [STDOUT_REDIRECT] Command line test
2020-02-26 18:21:41,895 [INFO] CodeEngine:188 - oldGeneratedFile, C:\Users\bouyo\Documents\GitHub\STM32cubeIDE\PruebaLeds\MXTmpFiles\usb_otg_fs_vars.tmp_save
2020-02-26 18:21:42,087 [INFO] CodeEngine:206 - Generated code: C:\Users\bouyo\Documents\GitHub\STM32cubeIDE\PruebaLeds\MXTmpFiles\usb_otg_fs_vars.tmp
2020-02-26 18:21:42,147 [INFO] CodeEngine:188 - oldGeneratedFile, C:\Users\bouyo\Documents\GitHub\STM32cubeIDE\PruebaLeds\MXTmpFiles\usb_otg_fs_inc.tmp_save
2020-02-26 18:21:42,328 [INFO] CodeEngine:206 - Generated code: C:\Users\bouyo\Documents\GitHub\STM32cubeIDE\PruebaLeds\MXTmpFiles\usb_otg_fs_inc.tmp
2020-02-26 18:21:42,429 [INFO] CodeEngine:188 - oldGeneratedFile, C:\Users\bouyo\Documents\GitHub\STM32cubeIDE\PruebaLeds\MXTmpFiles\usb_otg_fs_HalInit.tmp_save
2020-02-26 18:21:42,671 [INFO] CodeEngine:206 - Generated code: C:\Users\bouyo\Documents\GitHub\STM32cubeIDE\PruebaLeds\MXTmpFiles\usb_otg_fs_HalInit.tmp
2020-02-26 18:21:42,731 [INFO] CodeEngine:188 - oldGeneratedFile, C:\Users\bouyo\Documents\GitHub\STM32cubeIDE\PruebaLeds\MXTmpFiles\usb_otg_fs_Msp.tmp_save
2020-02-26 18:21:42,962 [INFO] CodeEngine:206 - Generated code: C:\Users\bouyo\Documents\GitHub\STM32cubeIDE\PruebaLeds\MXTmpFiles\usb_otg_fs_Msp.tmp
2020-02-26 18:21:43,648 [INFO] LogOutputStream:76 - [STDOUT_REDIRECT] Command line
2020-02-26 18:21:43,648 [INFO] LogOutputStream:76 - [STDOUT_REDIRECT] Debug : prepare data for I2C
2020-02-26 18:21:43,648 [INFO] LogOutputStream:76 - [STDOUT_REDIRECT] Command line test
2020-02-26 18:21:43,658 [INFO] LogOutputStream:76 - [STDOUT_REDIRECT] Command line
2020-02-26 18:21:43,658 [INFO] LogOutputStream:76 - [STDOUT_REDIRECT] Debug : prepare data for I2S
2020-02-26 18:21:43,658 [INFO] LogOutputStream:76 - [STDOUT_REDIRECT] Command line test
2020-02-26 18:21:43,658 [INFO] LogOutputStream:76 - [STDOUT_REDIRECT] Command line
2020-02-26 18:21:43,666 [INFO] LogOutputStream:76 - [STDOUT_REDIRECT] Debug : prepare data for SPI
2020-02-26 18:21:43,668 [INFO] LogOutputStream:76 - [STDOUT_REDIRECT] Command line test
2020-02-26 18:21:43,668 [INFO] LogOutputStream:76 - [STDOUT_REDIRECT] Command line
2020-02-26 18:21:43,748 [INFO] CodeEngine:188 - oldGeneratedFile, C:\Users\bouyo\Documents\GitHub\STM32cubeIDE\PruebaLeds\USB_HOST\App\usb_host.c_save
2020-02-26 18:21:43,970 [INFO] CodeEngine:206 - Generated code: C:\Users\bouyo\Documents\GitHub\STM32cubeIDE\PruebaLeds\USB_HOST\App\usb_host.c
2020-02-26 18:21:44,020 [INFO] CodeEngine:188 - oldGeneratedFile, C:\Users\bouyo\Documents\GitHub\STM32cubeIDE\PruebaLeds\USB_HOST\App\usb_host.h_save
2020-02-26 18:21:44,191 [INFO] CodeEngine:206 - Generated code: C:\Users\bouyo\Documents\GitHub\STM32cubeIDE\PruebaLeds\USB_HOST\App\usb_host.h
2020-02-26 18:21:44,249 [INFO] CodeEngine:188 - oldGeneratedFile, C:\Users\bouyo\Documents\GitHub\STM32cubeIDE\PruebaLeds\USB_HOST\Target\usbh_conf.h_save
2020-02-26 18:21:44,453 [INFO] CodeEngine:206 - Generated code: C:\Users\bouyo\Documents\GitHub\STM32cubeIDE\PruebaLeds\USB_HOST\Target\usbh_conf.h
2020-02-26 18:21:44,513 [INFO] CodeEngine:188 - oldGeneratedFile, C:\Users\bouyo\Documents\GitHub\STM32cubeIDE\PruebaLeds\USB_HOST\Target\usbh_conf.c_save
2020-02-26 18:21:44,704 [INFO] CodeEngine:206 - Generated code: C:\Users\bouyo\Documents\GitHub\STM32cubeIDE\PruebaLeds\USB_HOST\Target\usbh_conf.c
2020-02-26 18:21:44,772 [INFO] CodeEngine:188 - oldGeneratedFile, C:\Users\bouyo\Documents\GitHub\STM32cubeIDE\PruebaLeds\USB_HOST\Target\usbh_platform.c_save
2020-02-26 18:21:44,933 [INFO] CodeEngine:206 - Generated code: C:\Users\bouyo\Documents\GitHub\STM32cubeIDE\PruebaLeds\USB_HOST\Target\usbh_platform.c
2020-02-26 18:21:44,984 [INFO] CodeEngine:188 - oldGeneratedFile, C:\Users\bouyo\Documents\GitHub\STM32cubeIDE\PruebaLeds\USB_HOST\Target\usbh_platform.h_save
2020-02-26 18:21:45,167 [INFO] CodeEngine:206 - Generated code: C:\Users\bouyo\Documents\GitHub\STM32cubeIDE\PruebaLeds\USB_HOST\Target\usbh_platform.h
2020-02-26 18:21:45,167 [INFO] LogOutputStream:76 - [STDOUT_REDIRECT] Debug : prepare data for NVIC
2020-02-26 18:21:45,175 [INFO] LogOutputStream:76 - [STDOUT_REDIRECT] Command line test
2020-02-26 18:21:45,246 [INFO] CodeEngine:188 - oldGeneratedFile, C:\Users\bouyo\Documents\GitHub\STM32cubeIDE\PruebaLeds\Core\Src\stm32f4xx_it.c_save
2020-02-26 18:21:45,530 [INFO] CodeEngine:206 - Generated code: C:\Users\bouyo\Documents\GitHub\STM32cubeIDE\PruebaLeds\Core\Src\stm32f4xx_it.c
2020-02-26 18:21:45,590 [INFO] CodeEngine:188 - oldGeneratedFile, C:\Users\bouyo\Documents\GitHub\STM32cubeIDE\PruebaLeds\Core\Inc\stm32f4xx_it.h_save
2020-02-26 18:21:45,800 [INFO] CodeEngine:206 - Generated code: C:\Users\bouyo\Documents\GitHub\STM32cubeIDE\PruebaLeds\Core\Inc\stm32f4xx_it.h
2020-02-26 18:21:45,882 [INFO] CodeEngine:188 - oldGeneratedFile, C:\Users\bouyo\Documents\GitHub\STM32cubeIDE\PruebaLeds\Core\Src\stm32f4xx_hal_msp.c_save
2020-02-26 18:21:46,154 [INFO] CodeEngine:206 - Generated code: C:\Users\bouyo\Documents\GitHub\STM32cubeIDE\PruebaLeds\Core\Src\stm32f4xx_hal_msp.c
2020-02-26 18:21:46,204 [INFO] CodeEngine:188 - oldGeneratedFile, C:\Users\bouyo\Documents\GitHub\STM32cubeIDE\PruebaLeds\MXTmpFiles\system.tmp_save
2020-02-26 18:21:46,356 [INFO] CodeEngine:206 - Generated code: C:\Users\bouyo\Documents\GitHub\STM32cubeIDE\PruebaLeds\MXTmpFiles\system.tmp
2020-02-26 18:21:46,416 [INFO] CodeEngine:188 - oldGeneratedFile, C:\Users\bouyo\Documents\GitHub\STM32cubeIDE\PruebaLeds\Core\Inc\stm32f4xx_hal_conf.h_save
2020-02-26 18:21:46,658 [INFO] CodeEngine:206 - Generated code: C:\Users\bouyo\Documents\GitHub\STM32cubeIDE\PruebaLeds\Core\Inc\stm32f4xx_hal_conf.h
2020-02-26 18:21:46,698 [WARN] IPConfigManager:2701 - IP not found : gpio
2020-02-26 18:21:46,698 [WARN] CodeGenerator:2649 - IP not found : gpio
2020-02-26 18:21:46,767 [INFO] CodeEngine:188 - oldGeneratedFile, C:\Users\bouyo\Documents\GitHub\STM32cubeIDE\PruebaLeds\Core\Inc\main.h_save
2020-02-26 18:21:46,950 [INFO] CodeEngine:206 - Generated code: C:\Users\bouyo\Documents\GitHub\STM32cubeIDE\PruebaLeds\Core\Inc\main.h
2020-02-26 18:21:47,020 [INFO] CodeEngine:188 - oldGeneratedFile, C:\Users\bouyo\Documents\GitHub\STM32cubeIDE\PruebaLeds\Core\Src\main.c_save
2020-02-26 18:21:47,312 [INFO] CodeEngine:206 - Generated code: C:\Users\bouyo\Documents\GitHub\STM32cubeIDE\PruebaLeds\Core\Src\main.c
2020-02-26 18:21:49,175 [INFO] ProjectBuilder:2002 - Time for Copy HAL[1] : 547mS.
2020-02-26 18:21:49,175 [INFO] ProjectBuilder:2727 - Project Generator version: 3.7.1
2020-02-26 18:21:49,641 [INFO] ConfigFileManager:1066 - The Die is : DIE431
2020-02-26 18:22:09,867 [INFO] ProjectBuilder:2894 - Time for Generating toolchain IDE Files: 20692mS.
2020-02-26 18:22:09,867 [INFO] ProjectBuilder:1878 - Time for Copy CMSIS : 0mS.
2020-02-26 18:22:09,877 [INFO] ProjectBuilder:1878 - Time for Copy CMSIS : 0mS.
2020-02-26 18:23:37,936 [INFO] Gpio:248 - dependency for GPIO []
2020-02-26 18:23:47,138 [INFO] Gpio:248 - dependency for GPIO []
2020-02-26 18:24:02,397 [INFO] Gpio:248 - dependency for GPIO []
2020-02-26 18:24:34,033 [INFO] DbMcusDocs:142 - JSON generation date=Thu Feb 20 12:54:13 CET 2020 (1582199653)
2020-02-26 18:24:34,405 [INFO] DbMcusDocs:77 - Found 571 MCUs documents
2020-02-26 18:25:04,076 [INFO] UtilMem:74 - End SaveConfig() Used Memory: 645982792 Bytes (1073741824)
2020-02-26 18:25:04,456 [INFO] UtilMem:74 - End SaveConfig() Used Memory: 666430032 Bytes (1073741824)
2020-02-26 18:25:04,696 [INFO] BlockDiagram:2671 - set Specific Code input for plugin: NVIC
2020-02-26 18:25:04,696 [INFO] BlockDiagram:2671 - set Specific Code input for plugin: SYS
2020-02-26 18:25:04,696 [INFO] BlockDiagram:2671 - set Specific Code input for plugin: GPIO
2020-02-26 18:25:04,698 [INFO] CodeGenerator:603 - code generatio: config db path: C:\ST\STM32CubeIDE_1.3.0\STM32CubeIDE\plugins\com.st.stm32cube.common.mx_5.6.0.202002181639\\db\
2020-02-26 18:25:04,988 [INFO] CodeEngine:188 - oldGeneratedFile, C:\Users\bouyo\Documents\GitHub\STM32cubeIDE\PruebaLeds\MXTmpFiles\license.tmp_save
2020-02-26 18:25:05,103 [INFO] CodeEngine:206 - Generated code: C:\Users\bouyo\Documents\GitHub\STM32cubeIDE\PruebaLeds\MXTmpFiles\license.tmp
2020-02-26 18:25:05,135 [INFO] CodeEngine:188 - oldGeneratedFile, C:\Users\bouyo\Documents\GitHub\STM32cubeIDE\PruebaLeds\MXTmpFiles\gpio.tmp_save
2020-02-26 18:25:05,266 [INFO] CodeEngine:206 - Generated code: C:\Users\bouyo\Documents\GitHub\STM32cubeIDE\PruebaLeds\MXTmpFiles\gpio.tmp
2020-02-26 18:25:05,282 [INFO] LogOutputStream:76 - [STDOUT_REDIRECT] Debug : prepare data for NVIC
2020-02-26 18:25:05,282 [INFO] LogOutputStream:76 - [STDOUT_REDIRECT] Command line test
2020-02-26 18:25:05,339 [INFO] CodeEngine:188 - oldGeneratedFile, C:\Users\bouyo\Documents\GitHub\STM32cubeIDE\PruebaLeds\Core\Src\stm32f4xx_it.c_save
2020-02-26 18:25:05,512 [INFO] CodeEngine:206 - Generated code: C:\Users\bouyo\Documents\GitHub\STM32cubeIDE\PruebaLeds\Core\Src\stm32f4xx_it.c
2020-02-26 18:25:05,552 [INFO] CodeEngine:188 - oldGeneratedFile, C:\Users\bouyo\Documents\GitHub\STM32cubeIDE\PruebaLeds\Core\Inc\stm32f4xx_it.h_save
2020-02-26 18:25:05,693 [INFO] CodeEngine:206 - Generated code: C:\Users\bouyo\Documents\GitHub\STM32cubeIDE\PruebaLeds\Core\Inc\stm32f4xx_it.h
2020-02-26 18:25:05,761 [INFO] CodeEngine:188 - oldGeneratedFile, C:\Users\bouyo\Documents\GitHub\STM32cubeIDE\PruebaLeds\Core\Src\stm32f4xx_hal_msp.c_save
2020-02-26 18:25:05,982 [INFO] CodeEngine:206 - Generated code: C:\Users\bouyo\Documents\GitHub\STM32cubeIDE\PruebaLeds\Core\Src\stm32f4xx_hal_msp.c
2020-02-26 18:25:06,024 [INFO] CodeEngine:188 - oldGeneratedFile, C:\Users\bouyo\Documents\GitHub\STM32cubeIDE\PruebaLeds\MXTmpFiles\system.tmp_save
2020-02-26 18:25:06,120 [INFO] CodeEngine:206 - Generated code: C:\Users\bouyo\Documents\GitHub\STM32cubeIDE\PruebaLeds\MXTmpFiles\system.tmp
2020-02-26 18:25:06,173 [INFO] CodeEngine:188 - oldGeneratedFile, C:\Users\bouyo\Documents\GitHub\STM32cubeIDE\PruebaLeds\Core\Inc\stm32f4xx_hal_conf.h_save
2020-02-26 18:25:06,343 [INFO] CodeEngine:206 - Generated code: C:\Users\bouyo\Documents\GitHub\STM32cubeIDE\PruebaLeds\Core\Inc\stm32f4xx_hal_conf.h
2020-02-26 18:25:06,358 [WARN] IPConfigManager:2701 - IP not found : gpio
2020-02-26 18:25:06,374 [WARN] CodeGenerator:2649 - IP not found : gpio
2020-02-26 18:25:06,421 [INFO] CodeEngine:188 - oldGeneratedFile, C:\Users\bouyo\Documents\GitHub\STM32cubeIDE\PruebaLeds\Core\Inc\main.h_save
2020-02-26 18:25:06,637 [INFO] CodeEngine:206 - Generated code: C:\Users\bouyo\Documents\GitHub\STM32cubeIDE\PruebaLeds\Core\Inc\main.h
2020-02-26 18:25:06,706 [INFO] CodeEngine:188 - oldGeneratedFile, C:\Users\bouyo\Documents\GitHub\STM32cubeIDE\PruebaLeds\Core\Src\main.c_save
2020-02-26 18:25:06,975 [INFO] CodeEngine:206 - Generated code: C:\Users\bouyo\Documents\GitHub\STM32cubeIDE\PruebaLeds\Core\Src\main.c
2020-02-26 18:25:10,099 [INFO] ProjectBuilder:2002 - Time for Copy HAL[1] : 211mS.
2020-02-26 18:25:10,099 [INFO] ProjectBuilder:2727 - Project Generator version: 3.7.1
2020-02-26 18:25:10,823 [INFO] ConfigFileManager:1066 - The Die is : DIE431
2020-02-26 18:25:13,843 [INFO] ProjectBuilder:2894 - Time for Generating toolchain IDE Files: 3744mS.
2020-02-26 18:25:13,843 [INFO] ProjectBuilder:1878 - Time for Copy CMSIS : 0mS.
2020-02-26 18:25:13,853 [INFO] ProjectBuilder:1878 - Time for Copy CMSIS : 0mS.
2020-02-26 18:25:13,861 [INFO] ProjectBuilder:2130 - Suppression de : usb_host.c
2020-02-26 18:25:13,861 [INFO] ProjectBuilder:2130 - Suppression de : usb_host.h
2020-02-26 18:25:13,863 [INFO] ProjectBuilder:2130 - Suppression de : usbh_conf.c
2020-02-26 18:25:13,863 [INFO] ProjectBuilder:2130 - Suppression de : usbh_conf.h
2020-02-26 18:25:13,863 [INFO] ProjectBuilder:2130 - Suppression de : usbh_platform.c
2020-02-26 18:25:13,863 [INFO] ProjectBuilder:2130 - Suppression de : usbh_platform.h
